* Starting client
* Connecting to master process on port 18010
* Analyzing classpath: 
  - /home/sejuti/Documents/EvoSuite/target/test-classes
  - /home/sejuti/Documents/EvoSuite/target/classes
  - /home/sejuti/.m2/repository/junit/junit/4.13.2/junit-4.13.2.jar
  - /home/sejuti/.m2/repository/org/hamcrest/hamcrest-core/1.3/hamcrest-core-1.3.jar
* Finished analyzing classpath
* Generating tests for class Calculator
* Test criteria:
  - Line Coverage
  - Branch Coverage
  - Exception
  - Mutation testing (weak)
  - Method-Output Coverage
  - Top-Level Method Coverage
  - No-Exception Top-Level Method Coverage
  - Context Branch Coverage
* Setting up search algorithm for whole suite generation
[MASTER] 06:33:08.769 [pool-2-thread-1] WARN  TestSuiteSerialization - Cannot load tests because file does not exist: /home/sejuti/Documents/EvoSuite/.evosuite/evosuite-seeds/Calculator.seed
* Loaded 0 tests from /home/sejuti/Documents/EvoSuite/.evosuite/evosuite-seeds/Calculator.seed
* Total number of test goals: 
  - Line 6
  - Branch 6
  - Exception 0
  - MutationFactory 60
  - Output 15
  - Method 6
  - MethodNoException 6
  - CBranchFitnessFactory 6
* Using seed 1749083586822
* Starting evolution
* Search finished after 2s and 0 generations, 3136 statements, best individual has fitness: 0.3333333333333333
* Writing sequences to pool
* Minimizing test suite
* Going to analyze the coverage criteria
* Coverage analysis for criterion LINE
* Coverage of criterion LINE: 100%
* Total number of goals: 6
* Number of covered goals: 6
* Coverage analysis for criterion BRANCH
* Coverage of criterion BRANCH: 100%
* Total number of goals: 6
* Number of covered goals: 6
* Coverage analysis for criterion EXCEPTION
* Coverage of criterion EXCEPTION: 100%
* Total number of goals: 2
* Number of covered goals: 2
* Coverage analysis for criterion WEAKMUTATION
* Coverage of criterion WEAKMUTATION: 100%
* Total number of goals: 60
* Number of covered goals: 60
* Coverage analysis for criterion OUTPUT
* Coverage of criterion OUTPUT: 100%
* Total number of goals: 15
* Number of covered goals: 15
* Coverage analysis for criterion METHOD
* Coverage of criterion METHOD: 100%
* Total number of goals: 6
* Number of covered goals: 6
* Coverage analysis for criterion METHODNOEXCEPTION
* Coverage of criterion METHODNOEXCEPTION: 100%
* Total number of goals: 6
* Number of covered goals: 6
* Coverage analysis for criterion CBRANCH
* Coverage of criterion CBRANCH: 100%
* Total number of goals: 6
* Number of covered goals: 6
* Generated 17 tests with total length 34
* Resulting test suite's coverage: 100% (average coverage for all fitness functions)
* Generating assertions
* Resulting test suite's mutation score: 95%
* Compiling and checking tests
* Writing JUnit test case 'Calculator_ESTest' to /home/sejuti/Documents/EvoSuite/.evosuite/tmp_2025_06_05_06_33_05/tests
* Done!

