* Starting client
* Connecting to master process on port 16027
* Analyzing classpath: 
  - /home/sejuti/Documents/EvoSuite/target/test-classes
  - /home/sejuti/Documents/EvoSuite/target/classes
  - /home/sejuti/.m2/repository/junit/junit/4.13.2/junit-4.13.2.jar
  - /home/sejuti/.m2/repository/org/hamcrest/hamcrest-core/1.3/hamcrest-core-1.3.jar
* Finished analyzing classpath
* Generating tests for class Demo
* Test criteria:
  - Line Coverage
  - Branch Coverage
  - Exception
  - Mutation testing (weak)
  - Method-Output Coverage
  - Top-Level Method Coverage
  - No-Exception Top-Level Method Coverage
  - Context Branch Coverage
* Setting up search algorithm for whole suite generation
[MASTER] 15:45:40.797 [pool-2-thread-1] WARN  TestSuiteSerialization - Cannot load tests because file does not exist: /home/sejuti/Documents/EvoSuite/.evosuite/evosuite-seeds/Demo.seed
* Loaded 0 tests from /home/sejuti/Documents/EvoSuite/.evosuite/evosuite-seeds/Demo.seed
* Total number of test goals: 
  - Line 3
  - Branch 3
  - Exception 0
  - MutationFactory 24
  - Output 6
  - Method 3
  - MethodNoException 3
  - CBranchFitnessFactory 3
* Using seed 1749548738512
* Starting evolution
* Search finished after 2s and 0 generations, 5815 statements, best individual has fitness: 1.0
* Writing sequences to pool
* Minimizing test suite
* Going to analyze the coverage criteria
* Coverage analysis for criterion LINE
* Coverage of criterion LINE: 100%
* Total number of goals: 3
* Number of covered goals: 3
* Coverage analysis for criterion BRANCH
* Coverage of criterion BRANCH: 100%
* Total number of goals: 3
* Number of covered goals: 3
* Coverage analysis for criterion EXCEPTION
* Coverage of criterion EXCEPTION: 100% (no goals)
* Coverage analysis for criterion WEAKMUTATION
* Coverage of criterion WEAKMUTATION: 100%
* Total number of goals: 24
* Number of covered goals: 24
* Coverage analysis for criterion OUTPUT
* Coverage of criterion OUTPUT: 100%
* Total number of goals: 6
* Number of covered goals: 6
* Coverage analysis for criterion METHOD
* Coverage of criterion METHOD: 100%
* Total number of goals: 3
* Number of covered goals: 3
* Coverage analysis for criterion METHODNOEXCEPTION
* Coverage of criterion METHODNOEXCEPTION: 100%
* Total number of goals: 3
* Number of covered goals: 3
* Coverage analysis for criterion CBRANCH
* Coverage of criterion CBRANCH: 100%
* Total number of goals: 3
* Number of covered goals: 3
* Generated 6 tests with total length 12
* Resulting test suite's coverage: 100% (average coverage for all fitness functions)
* Generating assertions
* Resulting test suite's mutation score: 100%
* Compiling and checking tests
* Writing JUnit test case 'Demo_ESTest' to /home/sejuti/Documents/EvoSuite/.evosuite/tmp_2025_06_10_15_45_36/tests
* Done!

